{
  "stats": {
    "suites": 5,
    "tests": 10,
    "passes": 9,
    "pending": 0,
    "failures": 1,
    "start": "2022-08-29T13:29:41.633Z",
    "end": "2022-08-29T13:29:41.706Z",
    "duration": 73,
    "testsRegistered": 10,
    "passPercent": 90,
    "pendingPercent": 0,
    "other": 0,
    "hasOther": false,
    "skipped": 0,
    "hasSkipped": false
  },
  "results": [
    {
      "uuid": "6ba41110-ce0d-4f1c-bde2-a51618e8e3ee",
      "title": "",
      "fullFile": "C:\\Users\\Marino\\Documents\\AGS\\ags\\tests\\ags.spec.js",
      "file": "\\tests\\ags.spec.js",
      "beforeHooks": [],
      "afterHooks": [],
      "tests": [],
      "suites": [
        {
          "uuid": "5002a0c0-47f0-470c-9628-4765b07cb088",
          "title": "AGS Vj7",
          "fullFile": "C:\\Users\\Marino\\Documents\\AGS\\ags\\tests\\ags.spec.js",
          "file": "\\tests\\ags.spec.js",
          "beforeHooks": [
            {
              "title": "\"before all\" hook in \"AGS Vj7\"",
              "fullTitle": "AGS Vj7 \"before all\" hook in \"AGS Vj7\"",
              "timedOut": false,
              "duration": 59,
              "state": null,
              "speed": null,
              "pass": false,
              "fail": false,
              "pending": false,
              "context": null,
              "code": "return axios.get(\"http://localhost:3000/api/config\").then((res) => {\n  testConfig = res.data;\n});",
              "err": {},
              "uuid": "c17e6384-6750-485f-b97d-c7c6cbfdf0f1",
              "parentUUID": "5002a0c0-47f0-470c-9628-4765b07cb088",
              "isHook": true,
              "skipped": false
            }
          ],
          "afterHooks": [],
          "tests": [],
          "suites": [
            {
              "uuid": "0a3f7000-c250-4ace-97be-0536406dd2d3",
              "title": "AGS student folder: OOP_07-primjerRjesenja ",
              "fullFile": "C:\\Users\\Marino\\Documents\\AGS\\ags\\tests\\ags.spec.js",
              "file": "\\tests\\ags.spec.js",
              "beforeHooks": [],
              "afterHooks": [],
              "tests": [],
              "suites": [
                {
                  "uuid": "667b5666-311f-49da-b2f0-5dd58f7eca6d",
                  "title": "Zadatak1",
                  "fullFile": "C:\\Users\\Marino\\Documents\\AGS\\ags\\tests\\ags.spec.js",
                  "file": "\\tests\\ags.spec.js",
                  "beforeHooks": [],
                  "afterHooks": [],
                  "tests": [
                    {
                      "title": "testConfig should be defined",
                      "fullTitle": "AGS Vj7 AGS student folder: OOP_07-primjerRjesenja  Zadatak1 testConfig should be defined",
                      "timedOut": false,
                      "duration": 0,
                      "state": "passed",
                      "speed": "fast",
                      "pass": true,
                      "fail": false,
                      "pending": false,
                      "context": null,
                      "code": "expect(testConfig).to.not.be.undefined;",
                      "err": {},
                      "uuid": "2184f733-7202-4855-8721-c146d3f111cb",
                      "parentUUID": "667b5666-311f-49da-b2f0-5dd58f7eca6d",
                      "isHook": false,
                      "skipped": false
                    },
                    {
                      "title": "should have kod_00-staticka.js folder",
                      "fullTitle": "AGS Vj7 AGS student folder: OOP_07-primjerRjesenja  Zadatak1 should have kod_00-staticka.js folder",
                      "timedOut": false,
                      "duration": 1,
                      "state": "passed",
                      "speed": "fast",
                      "pass": true,
                      "fail": false,
                      "pending": false,
                      "context": null,
                      "code": "expect(fs.existsSync(zadatak1Dir)).to.equal(true);",
                      "err": {},
                      "uuid": "b6acf593-6698-452c-b579-65529b39758b",
                      "parentUUID": "667b5666-311f-49da-b2f0-5dd58f7eca6d",
                      "isHook": false,
                      "skipped": false
                    },
                    {
                      "title": "it should contain class named \"Postavke\"",
                      "fullTitle": "AGS Vj7 AGS student folder: OOP_07-primjerRjesenja  Zadatak1 it should contain class named \"Postavke\"",
                      "timedOut": false,
                      "duration": 2,
                      "state": "failed",
                      "speed": null,
                      "pass": false,
                      "fail": true,
                      "pending": false,
                      "context": null,
                      "code": "let kod = fs.readFileSync(zadatak1Dir).toString();\nexpect(kod).to.contain(\"class Postavke\");",
                      "err": {
                        "message": "AssertionError: expected 'class Postavk {\\n  constructor() {\\n …' to include 'class Postavke'",
                        "estack": "AssertionError: expected 'class Postavk {\\n  constructor() {\\n …' to include 'class Postavke'\n    at Context.<anonymous> (tests\\ags.spec.js:39:26)\n    at processImmediate (node:internal/timers:464:21)",
                        "diff": null
                      },
                      "uuid": "e96f39bd-7634-44e0-a70d-6bdb6c5d14c7",
                      "parentUUID": "667b5666-311f-49da-b2f0-5dd58f7eca6d",
                      "isHook": false,
                      "skipped": false
                    },
                    {
                      "title": "it should contain class named \"Postavke\" with constructor",
                      "fullTitle": "AGS Vj7 AGS student folder: OOP_07-primjerRjesenja  Zadatak1 it should contain class named \"Postavke\" with constructor",
                      "timedOut": false,
                      "duration": 0,
                      "state": "passed",
                      "speed": "fast",
                      "pass": true,
                      "fail": false,
                      "pending": false,
                      "context": null,
                      "code": "let kod = fs.readFileSync(zadatak1Dir).toString();\nexpect(kod).to.contain(\"constructor\");",
                      "err": {},
                      "uuid": "2c3f2a47-44a2-4637-99d4-f8c6d36e2cab",
                      "parentUUID": "667b5666-311f-49da-b2f0-5dd58f7eca6d",
                      "isHook": false,
                      "skipped": false
                    },
                    {
                      "title": "class postavke should contain static properties",
                      "fullTitle": "AGS Vj7 AGS student folder: OOP_07-primjerRjesenja  Zadatak1 class postavke should contain static properties",
                      "timedOut": false,
                      "duration": 1,
                      "state": "passed",
                      "speed": "fast",
                      "pass": true,
                      "fail": false,
                      "pending": false,
                      "context": null,
                      "code": "let kod = fs.readFileSync(zadatak1Dir).toString();\nexpect(kod).to.contain(\"static coins\");\nexpect(kod).to.contain(\"static spikes\");\nexpect(kod).to.contain(\"static dinosaur\");\nexpect(kod).to.contain(\"static cilj\");",
                      "err": {},
                      "uuid": "8ee61b1f-e1f1-49cd-bccb-63b55971d11b",
                      "parentUUID": "667b5666-311f-49da-b2f0-5dd58f7eca6d",
                      "isHook": false,
                      "skipped": false
                    }
                  ],
                  "suites": [],
                  "passes": [
                    "2184f733-7202-4855-8721-c146d3f111cb",
                    "b6acf593-6698-452c-b579-65529b39758b",
                    "2c3f2a47-44a2-4637-99d4-f8c6d36e2cab",
                    "8ee61b1f-e1f1-49cd-bccb-63b55971d11b"
                  ],
                  "failures": [
                    "e96f39bd-7634-44e0-a70d-6bdb6c5d14c7"
                  ],
                  "pending": [],
                  "skipped": [],
                  "duration": 4,
                  "root": false,
                  "rootEmpty": false,
                  "_timeout": 2000
                }
              ],
              "passes": [],
              "failures": [],
              "pending": [],
              "skipped": [],
              "duration": 0,
              "root": false,
              "rootEmpty": false,
              "_timeout": 2000
            },
            {
              "uuid": "100a81f9-0721-4e1b-85d3-7ca496c4e795",
              "title": "AGS student folder: OOP_07-primjerRjesenja - Copy ",
              "fullFile": "C:\\Users\\Marino\\Documents\\AGS\\ags\\tests\\ags.spec.js",
              "file": "\\tests\\ags.spec.js",
              "beforeHooks": [],
              "afterHooks": [],
              "tests": [],
              "suites": [
                {
                  "uuid": "20220d11-36b2-4b70-89f2-2075bf23471d",
                  "title": "Zadatak1",
                  "fullFile": "C:\\Users\\Marino\\Documents\\AGS\\ags\\tests\\ags.spec.js",
                  "file": "\\tests\\ags.spec.js",
                  "beforeHooks": [],
                  "afterHooks": [],
                  "tests": [
                    {
                      "title": "testConfig should be defined",
                      "fullTitle": "AGS Vj7 AGS student folder: OOP_07-primjerRjesenja - Copy  Zadatak1 testConfig should be defined",
                      "timedOut": false,
                      "duration": 0,
                      "state": "passed",
                      "speed": "fast",
                      "pass": true,
                      "fail": false,
                      "pending": false,
                      "context": null,
                      "code": "expect(testConfig).to.not.be.undefined;",
                      "err": {},
                      "uuid": "59ec4113-a415-4dd6-822c-ad551f238a9d",
                      "parentUUID": "20220d11-36b2-4b70-89f2-2075bf23471d",
                      "isHook": false,
                      "skipped": false
                    },
                    {
                      "title": "should have kod_00-staticka.js folder",
                      "fullTitle": "AGS Vj7 AGS student folder: OOP_07-primjerRjesenja - Copy  Zadatak1 should have kod_00-staticka.js folder",
                      "timedOut": false,
                      "duration": 0,
                      "state": "passed",
                      "speed": "fast",
                      "pass": true,
                      "fail": false,
                      "pending": false,
                      "context": null,
                      "code": "expect(fs.existsSync(zadatak1Dir)).to.equal(true);",
                      "err": {},
                      "uuid": "f9a24583-6a5d-487d-ac00-75b225d326a9",
                      "parentUUID": "20220d11-36b2-4b70-89f2-2075bf23471d",
                      "isHook": false,
                      "skipped": false
                    },
                    {
                      "title": "it should contain class named \"Postavke\"",
                      "fullTitle": "AGS Vj7 AGS student folder: OOP_07-primjerRjesenja - Copy  Zadatak1 it should contain class named \"Postavke\"",
                      "timedOut": false,
                      "duration": 1,
                      "state": "passed",
                      "speed": "fast",
                      "pass": true,
                      "fail": false,
                      "pending": false,
                      "context": null,
                      "code": "let kod = fs.readFileSync(zadatak1Dir).toString();\nexpect(kod).to.contain(\"class Postavke\");",
                      "err": {},
                      "uuid": "8a13f457-7cd0-4ca0-8e53-b59904fd99f5",
                      "parentUUID": "20220d11-36b2-4b70-89f2-2075bf23471d",
                      "isHook": false,
                      "skipped": false
                    },
                    {
                      "title": "it should contain class named \"Postavke\" with constructor",
                      "fullTitle": "AGS Vj7 AGS student folder: OOP_07-primjerRjesenja - Copy  Zadatak1 it should contain class named \"Postavke\" with constructor",
                      "timedOut": false,
                      "duration": 0,
                      "state": "passed",
                      "speed": "fast",
                      "pass": true,
                      "fail": false,
                      "pending": false,
                      "context": null,
                      "code": "let kod = fs.readFileSync(zadatak1Dir).toString();\nexpect(kod).to.contain(\"constructor\");",
                      "err": {},
                      "uuid": "ff0ce70c-4c47-4bfe-a153-95b5287aba1e",
                      "parentUUID": "20220d11-36b2-4b70-89f2-2075bf23471d",
                      "isHook": false,
                      "skipped": false
                    },
                    {
                      "title": "class postavke should contain static properties",
                      "fullTitle": "AGS Vj7 AGS student folder: OOP_07-primjerRjesenja - Copy  Zadatak1 class postavke should contain static properties",
                      "timedOut": false,
                      "duration": 1,
                      "state": "passed",
                      "speed": "fast",
                      "pass": true,
                      "fail": false,
                      "pending": false,
                      "context": null,
                      "code": "let kod = fs.readFileSync(zadatak1Dir).toString();\nexpect(kod).to.contain(\"static coins\");\nexpect(kod).to.contain(\"static spikes\");\nexpect(kod).to.contain(\"static dinosaur\");\nexpect(kod).to.contain(\"static cilj\");",
                      "err": {},
                      "uuid": "3b3d5610-97db-4151-8bcb-bcce88b58563",
                      "parentUUID": "20220d11-36b2-4b70-89f2-2075bf23471d",
                      "isHook": false,
                      "skipped": false
                    }
                  ],
                  "suites": [],
                  "passes": [
                    "59ec4113-a415-4dd6-822c-ad551f238a9d",
                    "f9a24583-6a5d-487d-ac00-75b225d326a9",
                    "8a13f457-7cd0-4ca0-8e53-b59904fd99f5",
                    "ff0ce70c-4c47-4bfe-a153-95b5287aba1e",
                    "3b3d5610-97db-4151-8bcb-bcce88b58563"
                  ],
                  "failures": [],
                  "pending": [],
                  "skipped": [],
                  "duration": 2,
                  "root": false,
                  "rootEmpty": false,
                  "_timeout": 2000
                }
              ],
              "passes": [],
              "failures": [],
              "pending": [],
              "skipped": [],
              "duration": 0,
              "root": false,
              "rootEmpty": false,
              "_timeout": 2000
            }
          ],
          "passes": [],
          "failures": [],
          "pending": [],
          "skipped": [],
          "duration": 0,
          "root": false,
          "rootEmpty": false,
          "_timeout": 2000
        }
      ],
      "passes": [],
      "failures": [],
      "pending": [],
      "skipped": [],
      "duration": 0,
      "root": true,
      "rootEmpty": true,
      "_timeout": 2000
    }
  ],
  "meta": {
    "mocha": {
      "version": "10.0.0"
    },
    "mochawesome": {
      "options": {
        "quiet": false,
        "reportFilename": "mochawesome",
        "saveHtml": true,
        "saveJson": true,
        "consoleReporter": "spec",
        "useInlineDiffs": false,
        "code": true
      },
      "version": "7.1.3"
    },
    "marge": {
      "options": {
        "reportDir": "public/mochawesome-report"
      },
      "version": "6.2.0"
    }
  }
}